<?xml version="1.0" encoding="UTF-8"?>
<!-- Generated by org.testng.reporters.JUnitXMLReporter -->
<testsuite ignored="0" hostname="DESKTOP-FSSU6F0" failures="0" tests="6" name="Surefire test" time="0.116" errors="0" timestamp="11 Nov 2018 06:08:34 GMT">
  <testcase classname="Andromeda.AppiumTest" name="Android" time="0.023"/>
  <testcase classname="Andromeda.AppiumTest" name="Ios" time="0.0"/>
  <testcase classname="Andromeda.RestApiTest" name="DeleteCookies" time="0.001"/>
  <testcase classname="Andromeda.RestApiTest" name="TrackCookies" time="0.0"/>
  <testcase classname="Andromeda.SeleniumTest" name="CloseBrowser" time="0.001"/>
  <testcase classname="Andromeda.SeleniumTest" name="OpenBrowser" time="0.0"/>
</testsuite> <!-- Surefire test -->
